<?xml version="1.0" encoding="UTF-8"?>
<!-- Generated by org.testng.reporters.JUnitReportReporter -->
<testsuite skipped="1" hostname="NaeemSiddiq" name="com.vdif.webautomation.login_prayerbook.TestLoginAndPrayerbook" tests="4" failures="0" timestamp="06 Mar 2018 14:08:08 GMT" time="101.863" errors="0">
  <testcase name="testALogin" time="32.072" classname="com.vdif.webautomation.login_prayerbook.TestLoginAndPrayerbook"/>
  <testcase name="testCPrayerTimesCardOnPrayerBookPage" time="45.978" classname="com.vdif.webautomation.login_prayerbook.TestLoginAndPrayerbook"/>
  <testcase name="testDArticlesOnIqraCardOnPrayerbookPage" time="23.813" classname="com.vdif.webautomation.login_prayerbook.TestLoginAndPrayerbook"/>
  <testcase name="testBPrayerBookCard" classname="com.vdif.webautomation.login_prayerbook.TestLoginAndPrayerbook">
    <skipped/>
  </testcase> <!-- testBPrayerBookCard -->
</testsuite> <!-- com.vdif.webautomation.login_prayerbook.TestLoginAndPrayerbook -->
