<?xml version="1.0" encoding="UTF-8"?>
<!-- Generated by org.testng.reporters.JUnitReportReporter -->
<testsuite skipped="0" hostname="NaeemSiddiq" name="com.vdif.webautomation.qibladirection.TestQiblaDirection" tests="2" failures="0" timestamp="06 Mar 2018 14:08:08 GMT" time="40.836" errors="0">
  <testcase name="testQiblaDirectionAndQiblaCompassFromKarachi" time="24.740" classname="com.vdif.webautomation.qibladirection.TestQiblaDirection"/>
  <testcase name="testQiblaDirectionAndQiblaCompassFromLahore" time="16.096" classname="com.vdif.webautomation.qibladirection.TestQiblaDirection"/>
</testsuite> <!-- com.vdif.webautomation.qibladirection.TestQiblaDirection -->
