<?xml version="1.0" encoding="UTF-8"?>
<!-- Generated by org.testng.reporters.JUnitReportReporter -->
<testsuite skipped="1" hostname="NaeemSiddiq" name="com.vdif.webautomation.worldpage.TestWorldPage" tests="4" failures="0" timestamp="06 Mar 2018 14:08:08 GMT" time="198.696" errors="0">
  <testcase name="testCountriesNamesOnWorldPage" time="122.190" classname="com.vdif.webautomation.worldpage.TestWorldPage"/>
  <testcase name="testSaudiArabiaOnWorldPage" time="32.229" classname="com.vdif.webautomation.worldpage.TestWorldPage"/>
  <testcase name="testSaudiArabiaOnWorldPage" time="18.871" classname="com.vdif.webautomation.worldpage.TestWorldPage">
    <skipped/>
  </testcase> <!-- testSaudiArabiaOnWorldPage -->
  <testcase name="testUnitedStatesOnWorldPage" time="25.406" classname="com.vdif.webautomation.worldpage.TestWorldPage"/>
</testsuite> <!-- com.vdif.webautomation.worldpage.TestWorldPage -->
