<?xml version="1.0" encoding="UTF-8"?>
<!-- Generated by org.testng.reporters.JUnitReportReporter -->
<testsuite skipped="0" hostname="NaeemSiddiq" name="com.vdif.webautomation.zakatcalculator.TestZakatCalculatorPage" tests="3" failures="0" timestamp="06 Mar 2018 14:08:08 GMT" time="50.448" errors="0">
  <testcase name="testZakatCalculatorForZakatNotApplicableCase2" time="13.160" classname="com.vdif.webautomation.zakatcalculator.TestZakatCalculatorPage"/>
  <testcase name="testZakatCalculatorForZakatNotApplicableCase1" time="15.159" classname="com.vdif.webautomation.zakatcalculator.TestZakatCalculatorPage"/>
  <testcase name="testZakatCalculatorForZakatApplicable" time="22.129" classname="com.vdif.webautomation.zakatcalculator.TestZakatCalculatorPage"/>
</testsuite> <!-- com.vdif.webautomation.zakatcalculator.TestZakatCalculatorPage -->
