<?xml version="1.0" encoding="UTF-8"?>
<!-- Generated by org.testng.reporters.JUnitReportReporter -->
<testsuite skipped="0" hostname="NaeemSiddiq" name="com.vdif.webautomation.dateconverter.TestDateConverter" tests="2" failures="0" timestamp="06 Mar 2018 14:08:08 GMT" time="71.325" errors="0">
  <testcase name="testHijriToGregorianDateConverted" time="33.021" classname="com.vdif.webautomation.dateconverter.TestDateConverter"/>
  <testcase name="testGregorianToHijriDateConverted" time="38.304" classname="com.vdif.webautomation.dateconverter.TestDateConverter"/>
</testsuite> <!-- com.vdif.webautomation.dateconverter.TestDateConverter -->
