<?xml version="1.0" encoding="UTF-8"?>
<!-- Generated by org.testng.reporters.JUnitReportReporter -->
<testsuite skipped="0" hostname="NaeemSiddiq" name="com.vdif.webautomation.alquran.TestAlQuranPage" tests="47" failures="0" timestamp="06 Mar 2018 14:08:08 GMT" time="2614.176" errors="0">
  <testcase name="testSurahLists_From_Surah_0_10_OnAlQuranPage" time="70.699" classname="com.vdif.webautomation.alquran.TestAlQuranPage"/>
  <testcase name="testSurahLists_From_Surah_10_20_OnAlQuranPage" time="52.114" classname="com.vdif.webautomation.alquran.TestAlQuranPage"/>
  <testcase name="testSurahLists_From_Surah_20_30_OnAlQuranPage" time="83.803" classname="com.vdif.webautomation.alquran.TestAlQuranPage"/>
  <testcase name="testSurahLists_From_Surah_30_40_OnAlQuranPage" time="70.815" classname="com.vdif.webautomation.alquran.TestAlQuranPage"/>
  <testcase name="testSurahLists_From_Surah_40_50_OnAlQuranPage" time="45.962" classname="com.vdif.webautomation.alquran.TestAlQuranPage"/>
  <testcase name="testSurahLists_From_Surah_50_60_OnAlQuranPage" time="42.929" classname="com.vdif.webautomation.alquran.TestAlQuranPage"/>
  <testcase name="testSurahLists_From_Surah_60_70_OnAlQuranPage" time="55.282" classname="com.vdif.webautomation.alquran.TestAlQuranPage"/>
  <testcase name="testSurahLists_From_Surah_70_80_OnAlQuranPage" time="73.756" classname="com.vdif.webautomation.alquran.TestAlQuranPage"/>
  <testcase name="testSurahLists_From_Surah_80_90_OnAlQuranPage" time="40.849" classname="com.vdif.webautomation.alquran.TestAlQuranPage"/>
  <testcase name="testSurahLists_From_Surah_90_100_OnAlQuranPage" time="83.085" classname="com.vdif.webautomation.alquran.TestAlQuranPage"/>
  <testcase name="testSurahLists_From_Surah_100_114_OnAlQuranPage" time="59.040" classname="com.vdif.webautomation.alquran.TestAlQuranPage"/>
  <testcase name="testJuzLists_From_Juz_0_10_OnAlQuranPage" time="82.660" classname="com.vdif.webautomation.alquran.TestAlQuranPage"/>
  <testcase name="testJuzLists_From_Juz_10_20_OnAlQuranPage" time="70.767" classname="com.vdif.webautomation.alquran.TestAlQuranPage"/>
  <testcase name="testJuzLists_From_Juz_20_30_OnAlQuranPage" time="47.541" classname="com.vdif.webautomation.alquran.TestAlQuranPage"/>
  <testcase name="testTranslationsLists_From_Translation_0_10_OnAlQuranPage" time="64.025" classname="com.vdif.webautomation.alquran.TestAlQuranPage"/>
  <testcase name="testTranslationsLists_From_Translation_10_20_OnAlQuranPage" time="59.509" classname="com.vdif.webautomation.alquran.TestAlQuranPage"/>
  <testcase name="testTranslationsLists_From_Translation_20_30_OnAlQuranPage" time="136.777" classname="com.vdif.webautomation.alquran.TestAlQuranPage"/>
  <testcase name="testTranslationsLists_From_Translation_30_40_OnAlQuranPage" time="47.705" classname="com.vdif.webautomation.alquran.TestAlQuranPage"/>
  <testcase name="testTranslationsLists_From_Translation_40_49_OnAlQuranPage" time="35.060" classname="com.vdif.webautomation.alquran.TestAlQuranPage"/>
  <testcase name="testTopicsLists_From_Topic_0_10_OnAlQuranPage" time="48.389" classname="com.vdif.webautomation.alquran.TestAlQuranPage"/>
  <testcase name="testTopicsLists_From_Topic_10_20_OnAlQuranPage" time="47.734" classname="com.vdif.webautomation.alquran.TestAlQuranPage"/>
  <testcase name="testTopicsLists_From_Topic_20_30_OnAlQuranPage" time="56.020" classname="com.vdif.webautomation.alquran.TestAlQuranPage"/>
  <testcase name="testTopicsLists_From_Topic_30_40_OnAlQuranPage" time="45.524" classname="com.vdif.webautomation.alquran.TestAlQuranPage"/>
  <testcase name="testTopicsLists_From_Topic_40_50_OnAlQuranPage" time="60.534" classname="com.vdif.webautomation.alquran.TestAlQuranPage"/>
  <testcase name="testTopicsLists_From_Topic_50_60_OnAlQuranPage" time="43.014" classname="com.vdif.webautomation.alquran.TestAlQuranPage"/>
  <testcase name="testTopicsLists_From_Topic_60_70_OnAlQuranPage" time="45.708" classname="com.vdif.webautomation.alquran.TestAlQuranPage"/>
  <testcase name="testTopicsLists_From_Topic_70_80_OnAlQuranPage" time="50.520" classname="com.vdif.webautomation.alquran.TestAlQuranPage"/>
  <testcase name="testTopicsLists_From_Topic_80_90_OnAlQuranPage" time="49.852" classname="com.vdif.webautomation.alquran.TestAlQuranPage"/>
  <testcase name="testTopicsLists_From_Topic_90_100_OnAlQuranPage" time="42.696" classname="com.vdif.webautomation.alquran.TestAlQuranPage"/>
  <testcase name="testTopicsLists_From_Topic_100_110_OnAlQuranPage" time="45.993" classname="com.vdif.webautomation.alquran.TestAlQuranPage"/>
  <testcase name="testTopicsLists_From_Topic_110_120_OnAlQuranPage" time="63.528" classname="com.vdif.webautomation.alquran.TestAlQuranPage"/>
  <testcase name="testTopicsLists_From_Topic_120_130_OnAlQuranPage" time="64.447" classname="com.vdif.webautomation.alquran.TestAlQuranPage"/>
  <testcase name="testTopicsLists_From_Topic_130_140_OnAlQuranPage" time="50.771" classname="com.vdif.webautomation.alquran.TestAlQuranPage"/>
  <testcase name="testTopicsLists_From_Topic_140_150_OnAlQuranPage" time="50.797" classname="com.vdif.webautomation.alquran.TestAlQuranPage"/>
  <testcase name="testTopicsLists_From_Topic_150_160_OnAlQuranPage" time="48.972" classname="com.vdif.webautomation.alquran.TestAlQuranPage"/>
  <testcase name="testTopicsLists_From_Topic_160_170_OnAlQuranPage" time="51.125" classname="com.vdif.webautomation.alquran.TestAlQuranPage"/>
  <testcase name="testTopicsLists_From_Topic_170_180_OnAlQuranPage" time="42.839" classname="com.vdif.webautomation.alquran.TestAlQuranPage"/>
  <testcase name="testTopicsLists_From_Topic_180_190_OnAlQuranPage" time="57.373" classname="com.vdif.webautomation.alquran.TestAlQuranPage"/>
  <testcase name="testTopicsLists_From_Topic_190_200_OnAlQuranPage" time="55.346" classname="com.vdif.webautomation.alquran.TestAlQuranPage"/>
  <testcase name="testTopicsLists_From_Topic_200_210_OnAlQuranPage" time="44.177" classname="com.vdif.webautomation.alquran.TestAlQuranPage"/>
  <testcase name="testTopicsLists_From_Topic_210_220_OnAlQuranPage" time="42.207" classname="com.vdif.webautomation.alquran.TestAlQuranPage"/>
  <testcase name="testTopicsLists_From_Topic_220_230_OnAlQuranPage" time="53.595" classname="com.vdif.webautomation.alquran.TestAlQuranPage"/>
  <testcase name="testTopicsLists_From_Topic_230_240_OnAlQuranPage" time="47.266" classname="com.vdif.webautomation.alquran.TestAlQuranPage"/>
  <testcase name="testTopicsLists_From_Topic_240_250_OnAlQuranPage" time="41.366" classname="com.vdif.webautomation.alquran.TestAlQuranPage"/>
  <testcase name="testTopicsLists_From_Topic_250_260_OnAlQuranPage" time="42.167" classname="com.vdif.webautomation.alquran.TestAlQuranPage"/>
  <testcase name="testTopicsLists_From_Topic_260_270_OnAlQuranPage" time="48.372" classname="com.vdif.webautomation.alquran.TestAlQuranPage"/>
  <testcase name="testTopicsLists_From_Topic_270_282_OnAlQuranPage" time="51.466" classname="com.vdif.webautomation.alquran.TestAlQuranPage"/>
</testsuite> <!-- com.vdif.webautomation.alquran.TestAlQuranPage -->
