<?xml version="1.0" encoding="UTF-8"?>
<!-- Generated by org.testng.reporters.JUnitReportReporter -->
<testsuite skipped="1" hostname="NaeemSiddiq" name="com.vdif.webautomation.ramadan2017.TestRamadan2017" tests="2" failures="0" timestamp="06 Mar 2018 14:08:08 GMT" time="33.779" errors="0">
  <testcase name="testTopCardOfRamadanPage" time="33.779" classname="com.vdif.webautomation.ramadan2017.TestRamadan2017"/>
  <testcase name="testOtherCardsOnRamadanPage" classname="com.vdif.webautomation.ramadan2017.TestRamadan2017">
    <skipped/>
  </testcase> <!-- testOtherCardsOnRamadanPage -->
</testsuite> <!-- com.vdif.webautomation.ramadan2017.TestRamadan2017 -->
