<?xml version="1.0" encoding="UTF-8"?>
<!-- Generated by org.testng.reporters.JUnitReportReporter -->
<testsuite skipped="0" hostname="NaeemSiddiq" name="com.vdif.webautomation.talktous.TestTalkToUsPage" tests="3" failures="0" timestamp="06 Mar 2018 14:08:08 GMT" time="180.717" errors="0">
  <testcase name="testAboutIslamicFinder" time="87.046" classname="com.vdif.webautomation.talktous.TestTalkToUsPage"/>
  <testcase name="testTalkToUsPage" time="26.454" classname="com.vdif.webautomation.talktous.TestTalkToUsPage"/>
  <testcase name="testAdvertiseWithUs" time="67.217" classname="com.vdif.webautomation.talktous.TestTalkToUsPage"/>
</testsuite> <!-- com.vdif.webautomation.talktous.TestTalkToUsPage -->
