<?xml version="1.0" encoding="UTF-8"?>
<!-- Generated by org.testng.reporters.JUnitReportReporter -->
<testsuite skipped="1" hostname="NaeemSiddiq" name="com.vdif.webautomation.homepage.TestHomePage" tests="12" failures="0" timestamp="06 Mar 2018 14:08:08 GMT" time="359.407" errors="0">
  <testcase name="testTopNavBar" time="55.653" classname="com.vdif.webautomation.homepage.TestHomePage"/>
  <testcase name="testPrayerTimesCardOnHomePage" time="42.692" classname="com.vdif.webautomation.homepage.TestHomePage"/>
  <testcase name="testVerseOfTheDayCardOnHomePage" time="20.549" classname="com.vdif.webautomation.homepage.TestHomePage"/>
  <testcase name="testPopularSurahAndVersesCardOnHomePage" time="27.463" classname="com.vdif.webautomation.homepage.TestHomePage"/>
  <testcase name="testArticlesOnIqraCardOnHomePage" time="19.316" classname="com.vdif.webautomation.homepage.TestHomePage"/>
  <testcase name="testIslamicGalleryCardOnHomePage" time="16.788" classname="com.vdif.webautomation.homepage.TestHomePage"/>
  <testcase name="testSeeYourMonthlyPrayerbookCardOnHomePage" time="15.336" classname="com.vdif.webautomation.homepage.TestHomePage"/>
  <testcase name="testDuaOfTheDayCardOnHomePage" time="25.161" classname="com.vdif.webautomation.homepage.TestHomePage"/>
  <testcase name="testUpcomingEventCardOnHomePage" time="7.605" classname="com.vdif.webautomation.homepage.TestHomePage"/>
  <testcase name="testStayUpdatedCardOnHomePage" time="4.408" classname="com.vdif.webautomation.homepage.TestHomePage"/>
  <testcase name="testFooterOnHomePage" time="124.436" classname="com.vdif.webautomation.homepage.TestHomePage"/>
  <testcase name="testTopPlacesInLahoreCardOnHomePage" classname="com.vdif.webautomation.homepage.TestHomePage">
    <skipped/>
  </testcase> <!-- testTopPlacesInLahoreCardOnHomePage -->
</testsuite> <!-- com.vdif.webautomation.homepage.TestHomePage -->
