<?xml version="1.0" encoding="UTF-8"?>
<!-- Generated by org.testng.reporters.JUnitReportReporter -->
<testsuite skipped="0" hostname="NaeemSiddiq" name="com.vdif.webautomation.duas.TestDuasPage" tests="2" failures="0" timestamp="06 Mar 2018 14:08:08 GMT" time="121.382" errors="0">
  <testcase name="testQuranicDuasListOnDuasPage" time="98.451" classname="com.vdif.webautomation.duas.TestDuasPage"/>
  <testcase name="testQuranicDuasCardOnDuasPage" time="22.931" classname="com.vdif.webautomation.duas.TestDuasPage"/>
</testsuite> <!-- com.vdif.webautomation.duas.TestDuasPage -->
