<?xml version="1.0" encoding="UTF-8"?>
<!-- Generated by org.testng.reporters.JUnitReportReporter -->
<testsuite skipped="0" hostname="NaeemSiddiq" name="com.vdif.webautomation.islamicgallery.TestIslamicGallery" tests="1" failures="0" timestamp="06 Mar 2018 14:08:08 GMT" time="24.988" errors="0">
  <testcase name="testIslamicGalleryPage" time="24.988" classname="com.vdif.webautomation.islamicgallery.TestIslamicGallery"/>
</testsuite> <!-- com.vdif.webautomation.islamicgallery.TestIslamicGallery -->
