<?xml version="1.0" encoding="UTF-8"?>
<!-- Generated by org.testng.reporters.JUnitReportReporter -->
<testsuite skipped="0" hostname="NaeemSiddiq" name="com.vdif.webautomation.signup.TestSignUp" tests="1" failures="0" timestamp="06 Mar 2018 14:08:08 GMT" time="18.708" errors="0">
  <testcase name="testSigUpForm" time="18.708" classname="com.vdif.webautomation.signup.TestSignUp"/>
</testsuite> <!-- com.vdif.webautomation.signup.TestSignUp -->
