<?xml version="1.0" encoding="UTF-8"?>
<!-- Generated by org.testng.reporters.JUnitReportReporter -->
<testsuite skipped="0" hostname="NaeemSiddiq" name="com.vdif.webautomation.prayertimes.TestPrayersTimesPage" tests="10" failures="0" timestamp="06 Mar 2018 14:08:08 GMT" time="288.858" errors="0">
  <testcase name="testSeeYourMonthlyPrayerbookCardOnPrayerTimesPage" time="18.416" classname="com.vdif.webautomation.prayertimes.TestPrayersTimesPage"/>
  <testcase name="testPrayerTimeLahoreCardOnPrayerTimesPage" time="59.039" classname="com.vdif.webautomation.prayertimes.TestPrayersTimesPage"/>
  <testcase name="testVerseOfTheDayCardOnPrayerTimesPage" time="24.196" classname="com.vdif.webautomation.prayertimes.TestPrayersTimesPage"/>
  <testcase name="testWeeklyMonthlyYearlyCardOnPrayerTimesPage" time="20.981" classname="com.vdif.webautomation.prayertimes.TestPrayersTimesPage"/>
  <testcase name="testPrayerTimesInOtherCitiesCardOnPrayerTimesPage" time="20.700" classname="com.vdif.webautomation.prayertimes.TestPrayersTimesPage"/>
  <testcase name="testDuaOfTheDayCardOnPrayerTimesPage" time="38.079" classname="com.vdif.webautomation.prayertimes.TestPrayersTimesPage"/>
  <testcase name="testIslamicGalleryCardOnPrayerTimesPage" time="21.543" classname="com.vdif.webautomation.prayertimes.TestPrayersTimesPage"/>
  <testcase name="testMosquesInThisCityCardOnPrayerTimesPage" time="18.332" classname="com.vdif.webautomation.prayertimes.TestPrayersTimesPage"/>
  <testcase name="testArticlesOnIqraCardOnPrayerTimesPage" time="45.288" classname="com.vdif.webautomation.prayertimes.TestPrayersTimesPage"/>
  <testcase name="testPrayerTimesCardOnPayerTimesPage" time="22.284" classname="com.vdif.webautomation.prayertimes.TestPrayersTimesPage"/>
</testsuite> <!-- com.vdif.webautomation.prayertimes.TestPrayersTimesPage -->
