<?xml version="1.0" encoding="UTF-8"?>
<!-- Generated by org.testng.reporters.JUnitReportReporter -->
<testsuite skipped="1" hostname="NaeemSiddiq" name="com.vdif.webautomation.hajj.TestHajjPage" tests="4" failures="0" timestamp="06 Mar 2018 14:08:08 GMT" time="110.678" errors="0">
  <testcase name="testSideNavBarOnHajj2017Page" time="18.856" classname="com.vdif.webautomation.hajj.TestHajjPage"/>
  <testcase name="testHajjLiveCardOnHajj2017Page" time="29.407" classname="com.vdif.webautomation.hajj.TestHajjPage"/>
  <testcase name="testTopNavBarOnHajj2017Page" time="62.415" classname="com.vdif.webautomation.hajj.TestHajjPage"/>
  <testcase name="testOtherCardOnHajj2017Page" classname="com.vdif.webautomation.hajj.TestHajjPage">
    <skipped/>
  </testcase> <!-- testOtherCardOnHajj2017Page -->
</testsuite> <!-- com.vdif.webautomation.hajj.TestHajjPage -->
