<?xml version="1.0" encoding="UTF-8"?>
<!-- Generated by org.testng.reporters.JUnitReportReporter -->
<testsuite skipped="6" hostname="NaeemSiddiq" name="com.vdif.webautomation.iqra.TestIqraTheBlogPage" tests="7" failures="0" timestamp="06 Dec 2017 13:02:42 GMT" time="217.846" errors="0">
  <testcase name="testHalalComicsTabOnIqraTheBlogPage" time="217.846" classname="com.vdif.webautomation.iqra.TestIqraTheBlogPage"/>
  <testcase name="testSpiritualityTabOnIqraTheBlogPage" classname="com.vdif.webautomation.iqra.TestIqraTheBlogPage">
    <skipped/>
  </testcase> <!-- testSpiritualityTabOnIqraTheBlogPage -->
  <testcase name="testSearchFieldOnIqraTheBlogPage" classname="com.vdif.webautomation.iqra.TestIqraTheBlogPage">
    <skipped/>
  </testcase> <!-- testSearchFieldOnIqraTheBlogPage -->
  <testcase name="testKnowledgeTabOnIqraTheBlogPage" classname="com.vdif.webautomation.iqra.TestIqraTheBlogPage">
    <skipped/>
  </testcase> <!-- testKnowledgeTabOnIqraTheBlogPage -->
  <testcase name="testMoreCurrentAffairsTabOnIqraTheBlogPage" classname="com.vdif.webautomation.iqra.TestIqraTheBlogPage">
    <skipped/>
  </testcase> <!-- testMoreCurrentAffairsTabOnIqraTheBlogPage -->
  <testcase name="testUpdatesAndFeaturesTabOnIqraTheBlogPage" classname="com.vdif.webautomation.iqra.TestIqraTheBlogPage">
    <skipped/>
  </testcase> <!-- testUpdatesAndFeaturesTabOnIqraTheBlogPage -->
  <testcase name="testLifestyleTabOnIqraTheBlogPage" classname="com.vdif.webautomation.iqra.TestIqraTheBlogPage">
    <skipped/>
  </testcase> <!-- testLifestyleTabOnIqraTheBlogPage -->
</testsuite> <!-- com.vdif.webautomation.iqra.TestIqraTheBlogPage -->
